生成启动时间为 2012/9/5 10:00:14。
     1>项目“F:\competition\kuso\cocos2d-1.0.1-x-0.12.0\flyshootServer1\flyshoot\flyshoot.win32.vcxproj”在节点 2 上(build 个目标)。
     1>InitializeBuildStatus:
         正在创建“Debug.win32\flyshoot.win32.server.unsuccessfulbuild”，因为已指定“AlwaysCreate”。
       ClCompile:
         D:\Program Files (x86)\Microsoft Visual Studio 10.0\VC\bin\CL.exe /c /I"C:\pthread\Pre-built.2\include" /I. /I.\win32 /I.\Classes /I..\..\cocos2dx /I..\..\cocos2dx\include /I..\..\cocos2dx\platform /I..\..\cocos2dx\platform\third_party\win32\OGLES /I..\..\ /I..\..\CocosDenshion\Include /I"C:\Boost\include\boost-1_50" /ZI /nologo /W3 /WX- /Od /Oy- /D WIN32 /D _WINDOWS /D STRICT /D _DEBUG /D COCOS2D_DEBUG=1 /D _UNICODE /D UNICODE /Gm /EHsc /RTC1 /MDd /GS /fp:precise /Zc:wchar_t /Zc:forScope /Fo"Debug.win32\\" /Fd"Debug.win32\vc100.pdb" /Gd /TP /wd4251 /analyze- /errorReport:prompt Classes\StartScene.cpp
         StartScene.cpp
     1>f:\competition\kuso\cocos2d-1.0.1-x-0.12.0\flyshootserver1\flyshoot\classes\hrocker.h : warning C4819: 该文件包含不能在当前代码页(936)中表示的字符。请将该文件保存为 Unicode 格式以防止数据丢失
     1>f:\competition\kuso\cocos2d-1.0.1-x-0.12.0\flyshootserver1\flyshoot\classes\mapscene.h(19): warning C4005: “MAX”: 宏重定义
                 f:\competition\kuso\cocos2d-1.0.1-x-0.12.0\cocos2dx\platform\ccstdc.h(75) : 参见“MAX”的前一个定义
     1>f:\competition\kuso\cocos2d-1.0.1-x-0.12.0\flyshootserver1\flyshoot\classes\flymehost.hpp(54): warning C4996: 'sprintf': This function or variable may be unsafe. Consider using sprintf_s instead. To disable deprecation, use _CRT_SECURE_NO_WARNINGS. See online help for details.
                 d:\program files (x86)\microsoft visual studio 10.0\vc\include\stdio.h(371) : 参见“sprintf”的声明
     1>f:\competition\kuso\cocos2d-1.0.1-x-0.12.0\flyshootserver1\flyshoot\classes\flymehost.hpp(55): warning C4996: 'sprintf': This function or variable may be unsafe. Consider using sprintf_s instead. To disable deprecation, use _CRT_SECURE_NO_WARNINGS. See online help for details.
                 d:\program files (x86)\microsoft visual studio 10.0\vc\include\stdio.h(371) : 参见“sprintf”的声明
     1>f:\competition\kuso\cocos2d-1.0.1-x-0.12.0\flyshootserver1\flyshoot\classes\flymehost.hpp(57): warning C4996: 'sprintf': This function or variable may be unsafe. Consider using sprintf_s instead. To disable deprecation, use _CRT_SECURE_NO_WARNINGS. See online help for details.
                 d:\program files (x86)\microsoft visual studio 10.0\vc\include\stdio.h(371) : 参见“sprintf”的声明
     1>f:\competition\kuso\cocos2d-1.0.1-x-0.12.0\flyshootserver1\flyshoot\classes\flymehost.hpp(139): warning C4996: 'sprintf': This function or variable may be unsafe. Consider using sprintf_s instead. To disable deprecation, use _CRT_SECURE_NO_WARNINGS. See online help for details.
                 d:\program files (x86)\microsoft visual studio 10.0\vc\include\stdio.h(371) : 参见“sprintf”的声明
     1>f:\competition\kuso\cocos2d-1.0.1-x-0.12.0\flyshootserver1\flyshoot\classes\flymehost.hpp(152): warning C4996: 'strcpy': This function or variable may be unsafe. Consider using strcpy_s instead. To disable deprecation, use _CRT_SECURE_NO_WARNINGS. See online help for details.
                 d:\program files (x86)\microsoft visual studio 10.0\vc\include\string.h(105) : 参见“strcpy”的声明
     1>f:\competition\kuso\cocos2d-1.0.1-x-0.12.0\flyshootserver1\flyshoot\classes\flymehost.hpp(180): warning C4996: 'strncpy': This function or variable may be unsafe. Consider using strncpy_s instead. To disable deprecation, use _CRT_SECURE_NO_WARNINGS. See online help for details.
                 d:\program files (x86)\microsoft visual studio 10.0\vc\include\string.h(188) : 参见“strncpy”的声明
       ResourceCompile:
         所有输出均为最新。
       ManifestResourceCompile:
         所有输出均为最新。
       Link:
         D:\Program Files (x86)\Microsoft Visual Studio 10.0\VC\bin\link.exe /ERRORREPORT:PROMPT /OUT:"F:\competition\kuso\cocos2d-1.0.1-x-0.12.0\flyshootServer1\flyshoot\Debug.win32\flyshoot.win32.server.exe" /INCREMENTAL /NOLOGO /LIBPATH:"C:\pthread\Pre-built.2\lib" /LIBPATH:C:\Boost\lib /LIBPATH:"F:\competition\kuso\cocos2d-1.0.1-x-0.12.0\flyshootServer1\flyshoot\Debug.win32\\" libcocos2d.lib libgles_cm.lib libBox2d.lib libCocosDenshion.lib pthreadVC2.lib kernel32.lib user32.lib gdi32.lib winspool.lib comdlg32.lib advapi32.lib shell32.lib ole32.lib oleaut32.lib uuid.lib odbc32.lib odbccp32.lib /MANIFEST /ManifestFile:"Debug.win32\flyshoot.win32.server.exe.intermediate.manifest" /MANIFESTUAC:"level='asInvoker' uiAccess='false'" /DEBUG /PDB:"F:\competition\kuso\cocos2d-1.0.1-x-0.12.0\flyshootServer1\flyshoot\Debug.win32\flyshoot.win32.server.pdb" /SUBSYSTEM:WINDOWS /TLBID:1 /DYNAMICBASE /NXCOMPAT /IMPLIB:"F:\competition\kuso\cocos2d-1.0.1-x-0.12.0\flyshootServer1\flyshoot\Debug.win32\flyshoot.win32.server.lib" /MACHINE:X86 Debug.win32\flyshoot.res
         Debug.win32\flyshoot.win32.server.exe.embed.manifest.res
         Debug.win32\AppDelegate.obj
         Debug.win32\GameBullet.obj
         Debug.win32\GameEnemy.obj
         Debug.win32\GamePlayer.obj
         Debug.win32\GameSprite.obj
         Debug.win32\HRocker.obj
         Debug.win32\ODSocket.obj
         Debug.win32\StartScene.obj
         Debug.win32\main.obj
         Debug.win32\MapScene.obj
       Manifest:
         C:\Program Files (x86)\Microsoft SDKs\Windows\v7.0A\bin\mt.exe /nologo /verbose /out:"Debug.win32\flyshoot.win32.server.exe.embed.manifest" /manifest Debug.win32\flyshoot.win32.server.exe.intermediate.manifest
         所有输出均为最新。
       LinkEmbedManifest:
         所有输出均为最新。
         flyshoot.win32.vcxproj -> F:\competition\kuso\cocos2d-1.0.1-x-0.12.0\flyshootServer1\flyshoot\Debug.win32\flyshoot.win32.server.exe
       FinalizeBuildStatus:
         正在删除文件“Debug.win32\flyshoot.win32.server.unsuccessfulbuild”。
         正在对“Debug.win32\flyshoot.win32.server.lastbuildstate”执行 Touch 任务。
     1>已完成生成项目“F:\competition\kuso\cocos2d-1.0.1-x-0.12.0\flyshootServer1\flyshoot\flyshoot.win32.vcxproj”(build 个目标)的操作。

生成成功。

已用时间 00:00:03.74
