F:\COMPETITION\KUSO\COCOS2D-1.0.1-X-0.12.0\FLYSHOOTSERVER1\FLYSHOOT\DEBUG.WIN32\APPDELEGATE.OBJ
F:\competition\kuso\cocos2d-1.0.1-x-0.12.0\flyshootServer1\flyshoot\Debug.win32\cl.command.1.tlog
F:\competition\kuso\cocos2d-1.0.1-x-0.12.0\flyshootServer1\flyshoot\Debug.win32\CL.read.1.tlog
F:\competition\kuso\cocos2d-1.0.1-x-0.12.0\flyshootServer1\flyshoot\Debug.win32\CL.write.1.tlog
F:\COMPETITION\KUSO\COCOS2D-1.0.1-X-0.12.0\FLYSHOOTSERVER1\FLYSHOOT\DEBUG.WIN32\FLYSHOOT.RES
F:\competition\kuso\cocos2d-1.0.1-x-0.12.0\flyshootServer1\flyshoot\Debug.win32\flyshoot.win32.server.exe.embed.manifest
F:\COMPETITION\KUSO\COCOS2D-1.0.1-X-0.12.0\FLYSHOOTSERVER1\FLYSHOOT\DEBUG.WIN32\FLYSHOOT.WIN32.SERVER.EXE.EMBED.MANIFEST.RES
F:\competition\kuso\cocos2d-1.0.1-x-0.12.0\flyshootServer1\flyshoot\Debug.win32\flyshoot.win32.server.exe.intermediate.manifest
F:\competition\kuso\cocos2d-1.0.1-x-0.12.0\flyshootServer1\flyshoot\Debug.win32\flyshoot.win32.server.pdb
F:\competition\kuso\cocos2d-1.0.1-x-0.12.0\flyshootServer1\flyshoot\Debug.win32\flyshoot.win32.server_manifest.rc
F:\COMPETITION\KUSO\COCOS2D-1.0.1-X-0.12.0\FLYSHOOTSERVER1\FLYSHOOT\DEBUG.WIN32\GAMEBULLET.OBJ
F:\COMPETITION\KUSO\COCOS2D-1.0.1-X-0.12.0\FLYSHOOTSERVER1\FLYSHOOT\DEBUG.WIN32\GAMEENEMY.OBJ
F:\COMPETITION\KUSO\COCOS2D-1.0.1-X-0.12.0\FLYSHOOTSERVER1\FLYSHOOT\DEBUG.WIN32\GAMEPLAYER.OBJ
F:\COMPETITION\KUSO\COCOS2D-1.0.1-X-0.12.0\FLYSHOOTSERVER1\FLYSHOOT\DEBUG.WIN32\GAMESPRITE.OBJ
F:\COMPETITION\KUSO\COCOS2D-1.0.1-X-0.12.0\FLYSHOOTSERVER1\FLYSHOOT\DEBUG.WIN32\HROCKER.OBJ
F:\competition\kuso\cocos2d-1.0.1-x-0.12.0\flyshootServer1\flyshoot\Debug.win32\link.command.1.tlog
F:\competition\kuso\cocos2d-1.0.1-x-0.12.0\flyshootServer1\flyshoot\Debug.win32\link.read.1.tlog
F:\competition\kuso\cocos2d-1.0.1-x-0.12.0\flyshootServer1\flyshoot\Debug.win32\link.write.1.tlog
F:\competition\kuso\cocos2d-1.0.1-x-0.12.0\flyshootServer1\flyshoot\Debug.win32\link-cvtres.read.1.tlog
F:\competition\kuso\cocos2d-1.0.1-x-0.12.0\flyshootServer1\flyshoot\Debug.win32\link-cvtres.write.1.tlog
F:\COMPETITION\KUSO\COCOS2D-1.0.1-X-0.12.0\FLYSHOOTSERVER1\FLYSHOOT\DEBUG.WIN32\MAIN.OBJ
F:\COMPETITION\KUSO\COCOS2D-1.0.1-X-0.12.0\FLYSHOOTSERVER1\FLYSHOOT\DEBUG.WIN32\MAPSCENE.OBJ
F:\COMPETITION\KUSO\COCOS2D-1.0.1-X-0.12.0\FLYSHOOTSERVER1\FLYSHOOT\DEBUG.WIN32\ODSOCKET.OBJ
F:\competition\kuso\cocos2d-1.0.1-x-0.12.0\flyshootServer1\flyshoot\Debug.win32\rc.command.1.tlog
F:\competition\kuso\cocos2d-1.0.1-x-0.12.0\flyshootServer1\flyshoot\Debug.win32\rc.read.1.tlog
F:\competition\kuso\cocos2d-1.0.1-x-0.12.0\flyshootServer1\flyshoot\Debug.win32\rc.write.1.tlog
F:\COMPETITION\KUSO\COCOS2D-1.0.1-X-0.12.0\FLYSHOOTSERVER1\FLYSHOOT\DEBUG.WIN32\STARTSCENE.OBJ
F:\competition\kuso\cocos2d-1.0.1-x-0.12.0\flyshootServer1\flyshoot\Debug.win32\vc100.idb
F:\COMPETITION\KUSO\COCOS2D-1.0.1-X-0.12.0\FLYSHOOTSERVER1\FLYSHOOT\DEBUG.WIN32\VC100.PDB
